TN:
SF:src/cli/observe-command.ts
FNF:5
FNH:4
DA:23,97
DA:38,10
DA:39,66
DA:40,41
DA:41,24
DA:42,41
DA:43,32
DA:44,67
DA:45,26
DA:46,57
DA:47,26
DA:48,20
DA:49,25
DA:50,8
DA:51,4
DA:52,38
DA:53,78
DA:54,26
DA:55,20
DA:56,25
DA:57,8
DA:58,4
DA:59,39
DA:60,34
DA:61,34
DA:62,47
DA:63,25
DA:64,8
DA:65,0
DA:66,0
DA:67,2
DA:68,26
DA:71,1202
DA:91,12
DA:92,92
DA:95,14
DA:96,33
DA:97,15
DA:98,0
DA:99,0
DA:100,2
DA:101,21
DA:102,0
DA:103,0
DA:104,2
DA:105,78
DA:106,9
DA:107,21
DA:108,97
DA:109,35
DA:110,2
DA:111,43
DA:112,35
DA:113,49
DA:114,0
DA:115,0
DA:116,0
DA:117,0
DA:118,0
DA:119,0
DA:120,0
DA:121,0
DA:123,0
DA:124,0
DA:125,0
DA:126,0
DA:127,0
LF:67
LH:48
end_of_record
TN:
SF:src/core/daemon-ipc-auth.ts
FNF:3
FNH:3
DA:1,34
DA:2,33
DA:3,87
DA:8,52
DA:10,76
DA:19,13
DA:25,3
DA:26,82
DA:27,25
DA:28,14
DA:29,47
DA:30,4
DA:31,45
DA:32,42
DA:33,48
DA:34,45
DA:35,15
DA:40,43
DA:41,49
DA:42,17
DA:43,14
DA:55,6
DA:56,6
DA:57,6
DA:58,11
DA:59,8
DA:60,3
DA:61,57
DA:62,38
DA:63,61
DA:64,11
DA:65,20
DA:66,37
DA:67,37
DA:68,29
DA:69,11
DA:70,13
DA:71,11
DA:72,25
DA:73,4
DA:74,2
LF:41
LH:41
end_of_record
TN:
SF:src/core/data-dir.ts
FNF:2
FNH:1
DA:11,72
DA:12,34
DA:13,53
DA:21,0
DA:22,1
DA:33,6
DA:34,14
DA:35,3
DA:36,41
DA:37,48
DA:38,40
DA:40,0
DA:41,0
DA:42,0
DA:43,0
DA:44,0
DA:45,0
DA:46,0
DA:47,0
DA:48,0
DA:49,0
DA:50,0
DA:51,0
DA:56,0
LF:24
LH:10
end_of_record
TN:
SF:src/core/loopback-fetch.ts
FNF:26
FNH:16
DA:36,37
DA:37,61
DA:50,10
DA:51,26
DA:52,0
DA:53,0
DA:54,0
DA:55,0
DA:56,0
DA:57,0
DA:58,0
DA:59,0
DA:62,13
DA:63,18
DA:66,17
DA:67,36
DA:68,65
DA:69,10
DA:70,0
DA:71,0
DA:72,0
DA:73,0
DA:74,0
DA:75,0
DA:76,0
DA:94,0
DA:95,0
DA:96,0
DA:97,0
DA:98,0
DA:99,0
DA:100,0
DA:101,0
DA:102,0
DA:103,1
DA:136,22
DA:139,0
DA:140,0
DA:141,0
DA:142,0
DA:143,0
DA:144,1
DA:147,6
DA:148,5
DA:149,11
DA:150,3
DA:151,27
DA:152,30
DA:159,32
DA:160,0
DA:161,0
DA:162,0
DA:163,2
DA:168,54
DA:173,47
DA:174,54
DA:175,46
DA:176,39
DA:178,95
DA:179,0
DA:180,2
DA:182,44
DA:183,24
DA:184,94
DA:187,16
DA:194,29
DA:196,12
DA:197,11
DA:198,29
DA:201,16
DA:202,9
DA:203,51
DA:204,15
DA:205,13
DA:206,2
DA:207,18
DA:208,43
DA:216,53
DA:217,44
DA:218,56
DA:219,26
DA:220,40
DA:221,90
DA:222,12
DA:223,14
DA:224,34
DA:225,28
DA:226,66
DA:227,14
DA:228,0
DA:229,0
DA:230,0
DA:231,0
DA:233,22
DA:237,8
DA:238,10
DA:239,30
DA:243,21
DA:244,15
DA:245,45
DA:246,19
DA:247,48
DA:248,28
DA:249,28
DA:250,45
DA:251,11
DA:252,11
DA:253,0
DA:254,0
DA:255,0
DA:256,0
DA:257,8
DA:259,36
DA:261,6
DA:262,0
DA:264,0
DA:265,0
DA:266,4
DA:275,0
DA:276,0
DA:277,0
DA:278,0
DA:279,0
DA:280,0
DA:282,6
DA:286,96
DA:287,16
DA:288,0
DA:289,0
DA:290,0
DA:291,0
DA:292,0
DA:294,0
DA:295,0
DA:296,0
DA:297,0
DA:298,0
DA:300,4
DA:301,39
DA:302,2
DA:306,47
DA:318,0
DA:319,0
DA:320,0
DA:321,0
DA:322,0
DA:323,0
DA:324,0
DA:325,0
DA:326,0
DA:346,14
DA:347,65
DA:348,2
DA:349,10
DA:350,35
LF:155
LH:86
end_of_record
TN:
SF:src/core/loopback-target.ts
FNF:3
FNH:3
DA:1,20
DA:2,31
DA:13,16
DA:14,48
DA:17,16
DA:18,36
DA:19,31
DA:20,14
DA:21,15
DA:26,6
DA:27,8
DA:28,9
DA:29,10
DA:30,3
DA:31,45
DA:32,33
DA:33,82
LF:17
LH:17
end_of_record
TN:
SF:src/core/workbench-shell.ts
FNF:1
FNH:1
DA:21,60
DA:22,53
DA:26,20
DA:27,53
DA:31,84
DA:32,94
DA:33,72
DA:34,81
LF:8
LH:8
end_of_record
TN:
SF:src/dashboard/auth.ts
FNF:19
FNH:3
DA:1,71
DA:2,36
DA:4,103
DA:5,157
DA:12,27
DA:13,23
DA:15,27
DA:33,29
DA:34,57
DA:40,29
DA:41,54
DA:42,47
DA:43,44
DA:44,81
DA:45,26
DA:57,0
DA:58,0
DA:59,0
DA:60,0
DA:61,0
DA:62,0
DA:63,0
DA:64,0
DA:65,0
DA:66,0
DA:67,0
DA:68,0
DA:69,0
DA:70,0
DA:71,0
DA:72,0
DA:73,0
DA:74,0
DA:75,0
DA:76,0
DA:77,0
DA:78,0
DA:79,0
DA:80,0
DA:81,0
DA:82,0
DA:83,0
DA:84,0
DA:85,0
DA:86,0
DA:87,0
DA:88,0
DA:89,1
DA:93,0
DA:94,1
DA:110,21
DA:111,65
DA:112,22
DA:124,0
DA:125,0
DA:126,0
DA:127,0
DA:128,0
DA:129,0
DA:130,0
DA:131,0
DA:132,0
DA:133,1
DA:146,0
DA:147,1
DA:151,0
DA:152,1
DA:168,0
DA:169,0
DA:170,0
DA:171,0
DA:172,0
DA:173,0
DA:174,0
DA:175,0
DA:176,0
DA:177,1
DA:181,0
DA:182,0
DA:183,0
DA:184,0
DA:185,0
DA:186,0
DA:187,0
DA:197,0
DA:198,0
DA:199,1
DA:217,0
DA:218,0
DA:219,0
DA:220,0
DA:221,0
DA:222,0
DA:223,0
DA:224,0
DA:225,0
DA:226,0
DA:227,0
DA:228,0
DA:229,0
DA:230,0
DA:231,0
DA:232,0
DA:233,0
DA:234,0
DA:235,0
DA:236,0
DA:237,0
DA:238,0
DA:239,0
DA:240,0
DA:241,0
DA:242,0
DA:243,0
DA:244,0
DA:245,0
DA:246,0
DA:247,0
DA:248,0
DA:249,0
DA:250,0
DA:251,0
DA:252,0
DA:253,0
DA:254,0
DA:255,0
DA:256,0
DA:257,0
DA:258,0
DA:259,0
DA:260,0
DA:261,0
DA:262,0
DA:263,0
DA:264,0
DA:265,0
DA:266,0
DA:267,0
DA:268,0
DA:269,0
DA:270,0
DA:271,0
DA:272,1
DA:276,0
DA:277,0
DA:278,0
DA:279,0
DA:280,0
DA:281,0
DA:282,1
DA:286,0
DA:287,1
DA:338,0
DA:339,0
DA:340,0
DA:341,0
DA:342,0
DA:343,0
DA:344,0
DA:345,0
DA:346,0
DA:347,0
DA:348,0
DA:349,0
DA:350,0
DA:351,0
DA:352,0
DA:353,0
DA:354,0
DA:355,0
DA:356,0
DA:357,0
DA:358,0
DA:359,0
DA:360,0
DA:361,0
DA:362,0
DA:363,0
DA:364,0
DA:365,0
DA:366,0
DA:367,0
DA:368,0
DA:369,0
DA:370,0
DA:371,0
DA:372,0
DA:373,0
DA:374,0
DA:375,0
DA:376,0
DA:377,0
DA:378,1
DA:384,0
DA:385,0
DA:386,0
DA:387,0
DA:388,0
DA:389,0
DA:390,0
DA:391,0
DA:392,0
DA:393,0
DA:394,0
DA:395,0
DA:396,0
DA:397,0
DA:398,0
DA:399,1
DA:413,36
DA:414,30
DA:415,18
DA:416,19
DA:417,18
DA:418,16
DA:419,10
DA:420,3
DA:422,0
DA:423,0
DA:424,0
DA:425,0
DA:426,0
DA:427,0
DA:428,0
DA:429,0
DA:430,0
DA:431,0
DA:432,0
DA:433,0
DA:434,0
DA:435,0
DA:436,0
DA:437,0
DA:438,0
DA:439,0
DA:440,0
DA:441,0
DA:442,0
DA:443,0
DA:444,0
DA:445,0
DA:446,0
DA:447,0
DA:448,0
DA:449,0
DA:450,0
DA:451,0
DA:452,0
DA:453,0
DA:454,0
DA:455,0
DA:456,0
DA:457,0
DA:458,0
DA:459,0
DA:460,0
DA:461,0
DA:462,0
DA:463,0
DA:464,0
DA:465,0
DA:466,0
DA:467,0
DA:468,0
DA:469,0
DA:470,0
DA:471,0
DA:472,0
DA:473,0
DA:474,0
DA:475,0
DA:476,0
DA:477,0
DA:478,0
DA:479,0
DA:480,0
DA:481,0
DA:482,0
DA:483,0
DA:484,0
DA:485,0
DA:486,0
DA:487,0
DA:488,0
DA:489,0
DA:490,0
DA:491,0
DA:492,0
DA:493,0
DA:494,0
DA:495,0
DA:496,0
DA:497,0
DA:498,0
DA:499,0
DA:500,0
DA:501,0
DA:502,0
DA:503,0
DA:504,0
DA:505,0
DA:506,0
DA:507,0
DA:508,0
DA:509,0
DA:510,1
DA:537,50
DA:538,76
DA:552,0
DA:553,0
DA:554,0
DA:555,1
DA:581,0
DA:582,0
DA:583,0
DA:584,0
DA:585,0
DA:586,0
DA:587,0
DA:588,0
DA:589,0
DA:590,0
DA:591,0
DA:592,0
DA:593,0
DA:594,0
DA:595,0
DA:596,0
DA:597,0
DA:598,0
DA:599,0
DA:600,0
DA:601,0
DA:602,0
DA:603,0
DA:604,0
DA:605,0
DA:606,0
DA:607,0
DA:608,0
LF:340
LH:42
end_of_record
TN:
SF:src/platform/secure-host-file.ts
FNF:17
FNH:9
DA:10,42
DA:11,203
DA:27,52
DA:28,63
DA:29,57
DA:31,57
DA:32,0
DA:33,0
DA:34,1
DA:38,1
DA:39,6
DA:40,7
DA:41,3
DA:42,55
DA:45,18
DA:46,57
DA:47,35
DA:48,0
DA:49,1
DA:52,11
DA:53,25
DA:54,0
DA:55,2
DA:56,74
DA:57,60
DA:58,0
DA:59,1
DA:71,0
DA:72,0
DA:73,0
DA:74,0
DA:75,0
DA:76,0
DA:77,0
DA:78,0
DA:79,0
DA:80,0
DA:81,0
DA:82,0
DA:83,0
DA:84,0
DA:85,0
DA:86,0
DA:87,0
DA:88,0
DA:89,0
DA:90,0
DA:91,0
DA:92,0
DA:93,0
DA:94,0
DA:95,0
DA:96,0
DA:97,0
DA:98,0
DA:99,0
DA:103,14
DA:104,35
DA:105,52
DA:106,47
DA:107,48
DA:108,39
DA:109,23
DA:113,0
DA:114,0
DA:115,0
DA:133,14
DA:134,62
DA:135,33
DA:136,0
DA:137,0
DA:138,2
DA:140,20
DA:141,17
DA:142,65
DA:143,4
DA:144,9
DA:145,38
DA:146,41
DA:147,47
DA:148,22
DA:149,11
DA:150,43
DA:151,0
DA:154,0
DA:155,0
DA:156,4
DA:158,43
DA:159,0
DA:160,4
DA:161,33
DA:162,0
DA:163,0
DA:164,0
DA:168,12
DA:169,33
DA:170,22
DA:173,21
DA:174,20
DA:175,0
DA:176,2
DA:177,74
DA:178,63
DA:179,0
DA:180,2
DA:181,44
DA:182,0
DA:183,1
DA:186,1
DA:187,8
DA:188,10
DA:189,10
DA:190,3
DA:191,47
DA:192,9
DA:193,9
DA:194,44
DA:195,2
DA:196,45
DA:197,33
DA:198,0
DA:199,0
DA:200,0
DA:201,0
DA:202,0
DA:203,2
DA:206,9
DA:207,33
DA:208,44
DA:209,42
DA:210,64
DA:211,0
DA:212,4
DA:213,41
DA:214,32
DA:215,4
DA:216,29
DA:217,30
DA:218,36
DA:219,33
DA:220,0
DA:221,0
DA:222,4
DA:223,19
DA:224,5
DA:225,17
DA:230,37
DA:231,9
DA:232,31
DA:233,0
DA:234,0
DA:235,2
DA:237,51
DA:238,9
DA:239,86
DA:240,5
DA:241,34
DA:245,0
DA:246,0
DA:247,0
DA:248,0
DA:249,0
DA:250,0
DA:251,0
DA:252,0
DA:253,0
DA:254,0
DA:255,0
DA:256,0
DA:257,0
DA:258,0
DA:259,0
DA:260,0
DA:261,0
DA:262,0
DA:263,0
DA:264,0
DA:265,0
DA:266,0
DA:267,0
DA:268,0
DA:269,0
DA:270,0
DA:271,0
DA:272,0
DA:273,0
DA:274,0
DA:285,0
DA:286,0
DA:287,0
DA:288,0
DA:289,0
DA:290,0
DA:291,0
DA:292,0
DA:293,0
DA:294,0
DA:295,0
DA:296,0
DA:297,0
DA:298,0
DA:299,0
DA:300,0
DA:301,0
DA:302,0
DA:303,0
DA:304,0
DA:305,0
DA:306,0
DA:307,0
DA:308,0
DA:309,0
DA:310,1
DA:315,0
DA:316,0
DA:317,0
DA:318,0
DA:319,0
DA:320,1
DA:387,0
DA:388,0
DA:389,0
DA:390,0
DA:391,0
DA:392,0
DA:393,0
DA:394,0
DA:395,0
DA:396,0
DA:397,0
DA:398,0
DA:399,0
DA:400,0
DA:401,0
DA:402,0
DA:403,0
DA:404,0
DA:405,0
DA:406,0
DA:407,0
DA:408,0
DA:409,0
DA:410,0
DA:411,0
DA:412,0
DA:413,0
DA:414,0
DA:415,0
DA:416,0
DA:417,0
DA:418,0
DA:419,0
DA:420,0
DA:421,0
DA:422,0
DA:423,1
DA:428,0
DA:429,0
DA:430,0
DA:431,0
DA:432,0
DA:433,0
DA:434,0
DA:435,0
DA:436,0
DA:437,0
DA:438,0
DA:439,0
DA:440,0
DA:441,0
DA:442,0
DA:443,0
DA:444,0
LF:273
LH:101
end_of_record
TN:
SF:src/services/session-observe-fetch.ts
FNF:20
FNH:15
DA:16,82
DA:20,65
DA:24,84
DA:78,31
DA:80,13
DA:81,30
DA:84,13
DA:85,44
DA:86,37
DA:87,0
DA:90,27
DA:91,49
DA:92,60
DA:93,34
DA:94,12
DA:97,10
DA:98,31
DA:99,6
DA:100,53
DA:101,2
DA:104,0
DA:105,0
DA:106,0
DA:107,0
DA:111,8
DA:112,32
DA:113,15
DA:114,33
DA:122,0
DA:123,0
DA:124,0
DA:125,0
DA:126,0
DA:127,0
DA:128,0
DA:129,0
DA:130,0
DA:131,0
DA:132,0
DA:133,0
DA:134,0
DA:135,0
DA:136,0
DA:137,0
DA:138,0
DA:139,0
DA:140,0
DA:141,0
DA:142,0
DA:143,0
DA:144,0
DA:145,0
DA:146,0
DA:147,0
DA:148,0
DA:149,0
DA:150,0
DA:151,0
DA:152,0
DA:153,0
DA:154,0
DA:155,0
DA:156,0
DA:157,0
DA:158,0
DA:159,0
DA:160,0
DA:161,0
DA:162,0
DA:163,0
DA:167,0
DA:168,0
DA:169,0
DA:170,0
DA:171,0
DA:172,0
DA:173,0
DA:174,0
DA:175,0
DA:176,0
DA:177,0
DA:178,0
DA:179,0
DA:180,0
DA:181,0
DA:182,0
DA:183,0
DA:184,0
DA:185,0
DA:186,0
DA:187,0
DA:188,0
DA:189,0
DA:190,0
DA:191,0
DA:192,0
DA:193,0
DA:194,0
DA:195,0
DA:196,0
DA:197,0
DA:198,0
DA:199,0
DA:200,0
DA:201,0
DA:206,0
DA:207,0
DA:208,0
DA:209,0
DA:210,1
DA:218,6
DA:219,11
DA:220,13
DA:221,3
DA:222,29
DA:223,27
DA:224,57
DA:225,50
DA:226,43
DA:227,86
DA:228,27
DA:229,20
DA:230,49
DA:232,43
DA:233,35
DA:234,53
DA:235,2
DA:237,46
DA:238,0
DA:239,0
DA:240,0
DA:241,0
DA:242,0
DA:243,2
DA:244,25
DA:245,0
DA:246,0
DA:247,0
DA:248,0
DA:249,2
DA:251,18
DA:252,34
DA:253,62
DA:254,85
DA:255,57
DA:256,37
DA:257,32
DA:258,27
DA:259,2
DA:261,75
DA:262,24
DA:263,22
DA:264,2
DA:272,1
DA:273,5
DA:274,11
DA:275,12
DA:276,11
DA:277,3
DA:278,48
DA:279,9
DA:280,30
DA:281,90
DA:282,13
DA:283,6
DA:284,23
DA:285,0
DA:286,4
DA:287,12
DA:288,0
DA:289,4
DA:290,37
DA:291,40
DA:292,18
DA:293,14
DA:294,17
DA:295,43
DA:296,19
DA:297,43
DA:298,16
DA:299,6
DA:300,2
DA:301,17
DA:302,14
DA:303,20
DA:304,81
DA:305,1
DA:309,10
DA:310,43
DA:311,27
DA:312,41
DA:313,10
DA:316,1
DA:317,11
DA:318,12
DA:319,7
DA:320,3
DA:321,12
DA:322,42
DA:323,15
DA:324,10
DA:325,28
DA:326,12
DA:327,32
DA:328,24
DA:329,20
DA:330,21
DA:331,22
DA:332,29
DA:333,15
DA:334,1
LF:211
LH:114
end_of_record
TN:
SF:src/services/session-observe.ts
FNF:1
FNH:1
DA:27,46
DA:116,36
DA:117,12
DA:118,9
DA:119,13
DA:120,14
DA:121,12
DA:122,12
DA:123,14
DA:124,3
DA:137,6
DA:138,5
DA:139,9
DA:140,3
DA:141,59
DA:142,37
DA:143,39
DA:144,32
DA:145,60
DA:147,25
DA:148,2
DA:149,9
DA:150,2
DA:151,41
DA:152,7
DA:153,2
DA:155,32
DA:156,2
DA:157,17
DA:158,2
DA:159,41
DA:160,6
DA:161,2
DA:163,62
DA:164,94
DA:165,54
DA:166,60
DA:167,68
DA:168,56
DA:169,58
DA:170,56
DA:171,70
DA:172,74
DA:174,17
DA:175,97
DA:176,60
DA:177,73
DA:178,0
DA:179,2
DA:180,62
DA:181,68
DA:183,50
DA:184,94
DA:185,73
DA:186,0
DA:187,2
DA:188,110
DA:189,81
DA:191,21
DA:192,15
DA:193,35
DA:194,67
DA:195,13
DA:196,8
DA:197,12
DA:198,13
DA:199,9
DA:200,21
DA:201,11
DA:202,31
DA:203,8
DA:204,4
DA:206,46
DA:207,50
DA:208,65
DA:209,0
DA:210,0
DA:211,0
DA:212,0
DA:213,2
DA:214,67
DA:215,0
DA:216,2
DA:217,62
DA:218,42
DA:219,28
DA:221,14
LF:87
LH:80
end_of_record
TN:
SF:src/utils/atomic-write.ts
FNF:10
FNH:0
DA:23,141
DA:34,42
DA:35,42
DA:36,51
DA:63,0
DA:64,0
DA:65,0
DA:66,0
DA:67,0
DA:68,0
DA:72,0
DA:73,0
DA:74,0
DA:79,0
DA:83,0
DA:84,0
DA:85,0
DA:86,0
DA:87,0
DA:88,0
DA:93,0
DA:94,0
DA:99,0
DA:103,0
DA:104,0
DA:108,0
DA:109,1
DA:116,0
DA:117,0
DA:118,0
DA:119,0
DA:120,0
DA:121,0
DA:122,0
DA:123,0
DA:124,0
DA:125,0
DA:126,0
DA:127,0
DA:128,0
DA:129,0
DA:130,0
DA:131,0
DA:132,0
DA:133,0
DA:134,0
DA:135,0
DA:136,0
DA:137,0
DA:138,0
DA:139,0
DA:140,0
DA:141,0
DA:142,0
DA:143,0
DA:144,0
DA:145,0
DA:146,1
DA:153,0
DA:154,0
DA:155,0
DA:156,0
DA:157,0
DA:158,0
DA:159,0
DA:160,0
DA:161,0
DA:162,0
DA:163,0
DA:164,0
DA:165,0
DA:166,0
DA:167,0
DA:168,0
DA:169,0
DA:170,0
DA:171,0
DA:172,0
DA:173,0
DA:174,0
DA:175,0
DA:176,0
DA:177,0
DA:178,0
DA:179,0
DA:180,0
DA:181,0
DA:182,0
LF:88
LH:6
end_of_record
TN:
SF:src/utils/daemon-discovery.ts
FNF:5
FNH:2
DA:14,64
DA:15,33
DA:16,59
DA:17,65
DA:35,13
DA:36,68
DA:40,0
DA:41,0
DA:42,0
DA:43,0
DA:44,0
DA:45,0
DA:46,0
DA:47,0
DA:48,1
DA:56,0
DA:57,0
DA:58,0
DA:59,0
DA:60,1
DA:64,18
DA:65,35
DA:66,26
DA:67,25
DA:68,17
DA:69,17
DA:70,38
DA:71,27
DA:72,42
DA:73,11
DA:74,54
DA:75,32
DA:76,90
DA:77,82
DA:78,18
DA:79,31
DA:80,30
DA:81,58
DA:82,2
DA:83,13
DA:84,68
DA:85,2
DA:86,13
DA:87,66
DA:88,59
DA:89,19
DA:90,36
DA:91,7
DA:92,2
DA:93,2
DA:94,11
DA:98,0
LF:52
LH:39
end_of_record
TN:
SF:src/utils/daemon-heartbeat.ts
FNF:1
FNH:1
DA:9,46
LF:1
LH:1
end_of_record
TN:
SF:src/utils/file-lock.ts
FNF:29
FNH:0
DA:75,0
DA:76,29
DA:85,68
DA:86,36
DA:87,62
DA:88,29
DA:90,0
DA:91,0
DA:92,0
DA:93,0
DA:94,0
DA:95,0
DA:96,0
DA:97,0
DA:98,0
DA:99,0
DA:100,0
DA:101,0
DA:102,0
DA:103,0
DA:104,0
DA:105,22
DA:108,0
DA:109,0
DA:110,0
DA:111,0
DA:112,0
DA:113,0
DA:114,0
DA:115,0
DA:116,0
DA:117,0
DA:118,0
DA:119,0
DA:120,0
DA:121,0
DA:122,0
DA:123,0
DA:124,0
DA:125,0
DA:126,0
DA:127,0
DA:128,0
DA:129,0
DA:130,0
DA:131,0
DA:132,0
DA:133,0
DA:134,12
DA:138,0
DA:139,0
DA:140,0
DA:141,0
DA:142,0
DA:143,0
DA:144,0
DA:145,0
DA:146,0
DA:147,0
DA:148,0
DA:149,0
DA:150,0
DA:151,79
DA:154,0
DA:155,0
DA:156,0
DA:157,0
DA:158,0
DA:159,0
DA:160,0
DA:161,0
DA:162,0
DA:163,0
DA:164,0
DA:165,0
DA:166,0
DA:167,79
DA:170,0
DA:171,67
DA:174,0
DA:175,0
DA:176,0
DA:177,0
DA:178,58
DA:181,0
DA:182,0
DA:183,0
DA:184,0
DA:185,0
DA:186,0
DA:187,0
DA:188,0
DA:189,0
DA:190,0
DA:191,15
DA:194,0
DA:195,0
DA:196,0
DA:197,0
DA:198,0
DA:199,0
DA:200,0
DA:201,0
DA:202,0
DA:203,0
DA:204,15
DA:207,0
DA:208,0
DA:209,0
DA:210,0
DA:211,0
DA:212,0
DA:213,0
DA:214,0
DA:215,0
DA:216,0
DA:217,0
DA:218,0
DA:219,0
DA:220,0
DA:221,0
DA:222,0
DA:223,0
DA:224,0
DA:225,71
DA:228,0
DA:229,106
DA:232,0
DA:233,0
DA:234,0
DA:235,0
DA:236,0
DA:237,0
DA:238,57
DA:241,0
DA:242,91
DA:245,0
DA:246,0
DA:247,0
DA:248,0
DA:249,0
DA:250,0
DA:251,0
DA:252,17
DA:263,0
DA:264,0
DA:265,0
DA:266,0
DA:267,0
DA:268,0
DA:269,0
DA:270,0
DA:271,0
DA:272,0
DA:273,0
DA:274,0
DA:275,0
DA:276,0
DA:277,0
DA:278,0
DA:279,0
DA:280,0
DA:281,0
DA:282,0
DA:283,0
DA:284,0
DA:285,0
DA:286,0
DA:287,0
DA:288,0
DA:289,0
DA:290,0
DA:291,0
DA:292,0
DA:293,0
DA:294,0
DA:295,0
DA:296,0
DA:297,18
DA:300,0
DA:301,72
DA:304,0
DA:305,0
DA:306,0
DA:307,0
DA:308,0
DA:309,0
DA:310,0
DA:311,0
DA:312,0
DA:313,0
DA:314,0
DA:315,0
DA:316,0
DA:317,0
DA:318,0
DA:319,0
DA:320,0
DA:321,0
DA:322,0
DA:323,0
DA:324,0
DA:325,0
DA:326,0
DA:327,0
DA:328,0
DA:329,0
DA:330,0
DA:331,26
DA:335,0
DA:336,0
DA:337,0
DA:338,0
DA:339,0
DA:340,0
DA:341,0
DA:342,0
DA:343,0
DA:344,0
DA:345,0
DA:346,0
DA:347,0
DA:348,0
DA:349,0
DA:350,0
DA:351,0
DA:352,0
DA:353,0
DA:354,0
DA:355,0
DA:356,0
DA:357,0
DA:358,0
DA:359,0
DA:360,19
DA:364,0
DA:365,0
DA:366,0
DA:367,0
DA:368,0
DA:369,0
DA:370,0
DA:371,0
DA:372,0
DA:373,0
DA:374,0
DA:375,0
DA:376,0
DA:377,0
DA:378,0
DA:379,14
DA:382,0
DA:383,0
DA:384,0
DA:385,0
DA:386,0
DA:387,0
DA:388,0
DA:389,0
DA:390,0
DA:391,0
DA:392,0
DA:393,0
DA:394,0
DA:395,0
DA:396,0
DA:397,14
DA:407,0
DA:408,0
DA:409,0
DA:410,0
DA:411,0
DA:412,0
DA:413,0
DA:414,0
DA:415,0
DA:416,0
DA:417,0
DA:418,0
DA:419,0
DA:420,0
DA:421,0
DA:422,0
DA:423,0
DA:424,0
DA:425,0
DA:426,0
DA:427,0
DA:428,0
DA:429,0
DA:430,0
DA:431,0
DA:432,0
DA:433,0
DA:434,0
DA:435,0
DA:436,0
DA:437,0
DA:438,0
DA:439,0
DA:440,0
DA:441,0
DA:442,0
DA:443,0
DA:444,0
DA:445,0
DA:446,0
DA:447,0
DA:448,0
DA:449,0
DA:450,0
DA:451,0
DA:452,0
DA:453,0
DA:454,0
DA:455,0
DA:456,0
DA:457,0
DA:458,0
DA:459,0
DA:460,0
DA:461,0
DA:462,0
DA:463,0
DA:464,0
DA:465,0
DA:466,0
DA:467,0
DA:468,0
DA:469,0
DA:470,0
DA:471,0
DA:472,0
DA:473,0
DA:474,0
DA:475,0
DA:476,0
DA:477,0
DA:478,0
DA:479,0
DA:480,0
DA:481,0
DA:482,0
DA:483,0
DA:484,0
DA:485,0
DA:486,0
DA:487,0
DA:488,0
DA:489,0
DA:490,0
DA:491,0
DA:492,0
DA:493,0
DA:494,0
DA:495,0
DA:496,0
DA:497,0
DA:498,0
DA:499,0
DA:500,0
DA:501,0
DA:502,0
DA:503,0
DA:504,0
DA:505,0
DA:506,0
DA:507,17
DA:518,0
DA:519,0
DA:520,0
DA:521,0
DA:522,0
DA:523,0
DA:524,0
DA:525,0
DA:526,0
DA:527,0
DA:528,0
DA:529,0
DA:530,0
DA:531,0
DA:532,0
DA:533,0
DA:534,0
DA:535,0
DA:536,0
DA:537,0
DA:538,0
DA:539,0
DA:540,0
DA:541,0
DA:542,0
DA:543,0
DA:544,0
DA:545,0
DA:546,0
DA:547,0
DA:548,0
DA:549,0
DA:550,0
DA:551,0
DA:552,0
DA:553,0
DA:554,0
DA:555,0
DA:556,0
DA:557,0
DA:558,0
DA:559,0
DA:560,0
DA:561,0
DA:562,0
DA:563,0
DA:564,0
DA:565,0
DA:566,0
DA:567,0
DA:568,0
DA:569,0
DA:570,0
DA:571,0
DA:572,0
DA:573,0
DA:574,0
DA:575,0
DA:576,0
DA:577,0
DA:578,0
DA:579,0
DA:580,0
DA:581,0
DA:582,0
DA:583,0
DA:584,0
DA:585,0
DA:586,0
DA:587,0
DA:588,0
DA:589,0
DA:590,0
DA:591,0
DA:592,0
DA:593,0
DA:594,0
DA:595,0
DA:596,0
DA:597,0
DA:598,0
DA:599,0
DA:600,0
DA:601,0
DA:602,0
DA:603,0
DA:604,0
DA:605,0
DA:606,0
DA:607,0
DA:608,0
DA:609,0
DA:610,0
DA:611,0
DA:612,17
DA:616,0
DA:617,0
DA:618,0
DA:619,0
DA:620,0
DA:621,0
DA:622,0
DA:623,0
DA:624,0
DA:625,0
DA:626,0
DA:627,0
DA:628,0
DA:629,0
DA:630,10
DA:633,0
DA:634,0
DA:635,0
DA:636,0
DA:637,0
DA:638,0
DA:639,0
DA:640,0
DA:641,0
DA:642,0
DA:643,10
DA:646,0
DA:647,0
DA:648,0
DA:649,0
DA:650,0
DA:651,0
DA:652,0
DA:653,0
DA:654,0
DA:655,0
DA:656,0
DA:657,0
DA:658,0
DA:659,0
DA:660,0
DA:661,0
DA:662,0
DA:663,0
DA:664,0
DA:665,0
DA:666,0
DA:667,0
DA:668,0
DA:669,0
DA:670,0
DA:671,0
DA:672,0
DA:673,0
DA:674,0
DA:675,0
DA:676,0
DA:677,0
DA:678,0
DA:679,0
DA:680,0
DA:681,0
DA:682,0
DA:683,0
DA:684,0
DA:685,0
DA:686,0
DA:687,0
DA:688,0
DA:689,0
DA:690,0
DA:691,0
DA:692,0
DA:693,0
DA:694,0
DA:695,0
DA:696,0
DA:697,0
DA:698,0
DA:699,0
DA:700,0
DA:701,0
DA:702,0
DA:703,0
DA:704,0
DA:705,0
DA:706,0
DA:707,0
DA:708,0
DA:709,0
DA:710,0
DA:711,0
DA:712,0
DA:713,0
DA:714,0
DA:715,0
DA:716,0
DA:717,0
DA:718,0
DA:719,0
DA:720,0
DA:721,0
DA:722,0
DA:723,0
DA:724,0
DA:725,0
DA:726,0
DA:727,0
DA:728,104
DA:733,0
DA:734,0
DA:735,0
DA:736,0
DA:737,0
DA:738,0
DA:739,0
DA:740,0
DA:741,0
DA:742,0
DA:743,0
DA:744,0
DA:745,0
DA:746,0
DA:747,0
DA:748,0
DA:749,0
DA:750,0
DA:751,0
DA:752,0
DA:753,0
DA:754,0
DA:755,0
DA:756,0
DA:757,0
DA:758,0
DA:759,0
DA:760,0
DA:761,0
DA:762,0
DA:763,0
DA:764,0
DA:765,0
DA:766,0
DA:767,0
DA:768,0
DA:769,0
DA:770,0
DA:771,0
DA:772,0
DA:773,0
DA:774,0
DA:775,0
DA:776,0
DA:777,0
DA:778,0
DA:779,0
DA:780,0
DA:781,0
DA:782,0
DA:783,0
DA:784,0
DA:785,0
DA:786,0
DA:787,0
DA:788,0
DA:789,0
DA:790,0
DA:791,0
DA:792,0
DA:793,0
DA:794,103
DA:817,100
DA:818,57
DA:819,0
DA:820,0
DA:821,0
DA:822,0
DA:823,0
DA:824,0
DA:825,0
DA:826,0
DA:827,0
DA:828,40
DA:830,2
DA:839,0
DA:840,0
DA:841,0
DA:842,0
DA:843,0
DA:844,0
DA:845,0
DA:846,0
DA:847,0
DA:848,0
DA:849,0
DA:850,0
DA:851,0
DA:852,0
DA:853,0
DA:854,0
DA:855,0
DA:856,0
DA:857,0
DA:858,0
DA:859,0
DA:860,0
DA:861,0
DA:862,0
DA:863,0
DA:864,0
DA:865,0
DA:866,0
DA:867,0
DA:868,0
DA:869,0
DA:870,0
DA:871,0
DA:872,0
DA:873,0
DA:874,0
DA:875,0
DA:876,0
DA:877,0
DA:878,0
DA:879,0
DA:880,0
DA:881,0
DA:882,0
DA:883,0
DA:884,0
DA:885,0
DA:886,0
DA:887,0
DA:888,0
DA:889,0
DA:890,0
DA:891,0
DA:892,0
DA:893,0
DA:894,0
DA:895,0
DA:896,0
DA:897,0
DA:898,0
DA:899,0
DA:900,0
DA:901,0
DA:902,0
DA:903,0
DA:904,0
DA:905,0
DA:906,0
DA:907,0
DA:908,0
DA:909,0
DA:910,0
DA:911,0
DA:912,0
DA:913,0
DA:914,0
DA:915,0
DA:916,0
DA:917,0
DA:918,0
DA:919,0
DA:920,0
DA:921,0
DA:922,0
DA:923,0
DA:924,0
DA:925,0
DA:926,0
DA:927,0
DA:928,0
DA:929,0
DA:930,0
DA:931,0
DA:932,0
DA:933,0
DA:934,0
DA:935,0
DA:936,0
DA:937,0
DA:938,4
DA:941,0
DA:942,0
DA:943,0
DA:944,0
DA:945,0
DA:946,0
DA:947,0
DA:948,0
DA:949,0
DA:950,0
DA:951,0
DA:952,0
DA:953,0
DA:954,0
DA:955,0
DA:956,0
DA:957,0
DA:958,0
DA:959,0
DA:960,0
DA:961,0
DA:962,0
DA:963,0
DA:964,0
DA:965,0
DA:966,0
DA:967,0
DA:968,0
DA:969,0
DA:970,0
DA:971,0
DA:972,0
DA:973,0
DA:974,0
DA:975,0
DA:976,0
DA:977,0
DA:978,0
DA:979,0
DA:980,0
DA:981,0
DA:982,0
DA:983,0
DA:984,0
DA:985,0
DA:986,0
DA:987,0
DA:988,0
DA:989,0
DA:990,0
DA:991,0
DA:992,0
DA:993,0
DA:994,0
DA:995,0
DA:996,0
DA:997,0
DA:998,0
DA:999,0
DA:1000,0
DA:1001,0
DA:1002,0
DA:1003,0
DA:1004,0
DA:1005,0
DA:1006,0
DA:1007,0
DA:1008,0
DA:1009,0
DA:1010,0
DA:1011,0
DA:1012,0
DA:1013,0
DA:1014,0
DA:1015,0
DA:1016,0
DA:1017,0
DA:1018,0
DA:1019,0
DA:1020,0
DA:1021,0
DA:1022,0
DA:1023,0
DA:1024,0
DA:1025,0
DA:1026,0
DA:1027,0
DA:1028,0
DA:1029,0
DA:1030,3
LF:837
LH:36
end_of_record
TN:
SF:src/utils/logger.ts
FNF:9
FNH:0
DA:16,0
DA:20,0
DA:21,0
DA:25,0
DA:26,0
DA:27,1
DA:30,37
DA:35,30
DA:36,31
DA:37,19
DA:39,23
DA:40,0
DA:41,0
DA:42,2
DA:44,0
DA:45,2
DA:47,0
DA:48,2
DA:50,0
DA:51,0
DA:52,2
DA:56,0
DA:57,2
DA:65,0
DA:66,0
DA:67,0
DA:68,0
DA:69,0
DA:70,0
DA:71,0
DA:72,1
DA:75,1
LF:32
LH:13
end_of_record
TN:
SF:src/utils/process-identity.ts
FNF:5
FNH:0
DA:1,50
DA:2,51
DA:4,24
DA:5,67
DA:8,0
DA:9,0
DA:10,0
DA:11,0
DA:12,0
DA:13,1
DA:17,0
DA:18,0
DA:19,0
DA:20,0
DA:21,0
DA:22,1
DA:26,0
DA:27,0
DA:28,0
DA:29,0
DA:30,0
DA:31,0
DA:32,0
DA:33,0
DA:34,0
DA:35,0
DA:36,0
DA:37,1
DA:44,0
DA:45,0
DA:46,0
DA:47,0
DA:48,0
DA:49,0
DA:50,0
DA:51,0
DA:52,0
DA:53,0
DA:54,0
DA:55,0
DA:56,0
DA:57,0
DA:58,0
DA:59,0
DA:60,0
DA:61,0
DA:62,0
DA:63,0
DA:64,0
DA:65,0
DA:66,0
DA:67,0
DA:68,0
DA:69,0
DA:70,0
DA:71,0
DA:72,0
DA:73,0
DA:74,0
DA:75,0
DA:76,0
DA:77,0
DA:78,0
DA:79,0
DA:80,0
DA:81,0
DA:82,0
DA:83,0
DA:84,0
DA:85,0
DA:86,0
DA:87,0
DA:88,0
DA:89,0
DA:90,0
DA:91,0
DA:96,0
DA:97,0
DA:98,0
DA:99,0
LF:80
LH:7
end_of_record
TN:
SF:test/bun-test-fence.ts
FNF:5
FNH:4
DA:1,54
DA:2,57
DA:3,33
DA:4,34
DA:5,65
DA:35,54
DA:46,72
DA:48,39
DA:49,19
DA:50,39
DA:52,40
DA:53,20
DA:54,28
DA:55,35
DA:60,29
DA:66,39
DA:67,37
DA:77,22
DA:78,9
DA:79,44
DA:80,2
DA:81,38
DA:94,0
DA:95,0
DA:96,0
DA:97,0
DA:98,0
DA:99,0
DA:100,0
DA:101,1
DA:103,2
DA:105,65
DA:110,60
DA:111,29
DA:112,59
DA:116,21
DA:117,18
DA:118,22
DA:119,51
DA:120,70
DA:121,2
DA:122,44
DA:123,3
DA:125,16
DA:129,41
DA:130,52
DA:131,2
LF:47
LH:40
end_of_record
TN:
SF:test/bun-test-shim.ts
FNF:20
FNH:3
DA:1,99
DA:2,30
DA:66,16
DA:69,16
DA:70,61
DA:80,25
DA:82,0
DA:83,0
DA:84,0
DA:85,0
DA:87,3
DA:89,0
DA:90,0
DA:91,0
DA:92,0
DA:93,0
DA:94,0
DA:96,3
DA:101,29
DA:103,0
DA:104,0
DA:105,0
DA:106,0
DA:107,0
DA:108,0
DA:109,0
DA:110,0
DA:112,3
DA:114,0
DA:115,0
DA:116,0
DA:117,0
DA:118,0
DA:119,0
DA:121,3
DA:128,16
DA:130,0
DA:131,0
DA:133,3
DA:139,0
DA:140,0
DA:141,0
DA:143,3
DA:147,0
DA:148,0
DA:149,0
DA:151,3
DA:154,0
DA:155,0
DA:156,0
DA:158,3
DA:182,32
DA:183,46
DA:184,46
DA:185,46
DA:186,0
DA:187,0
DA:188,0
DA:189,2
DA:191,1
DA:192,46
DA:193,0
DA:194,0
DA:195,0
DA:196,2
DA:198,1
DA:199,48
DA:200,0
DA:201,0
DA:202,0
DA:203,0
DA:204,0
DA:205,0
DA:206,2
DA:219,0
DA:220,0
DA:221,0
DA:222,0
DA:223,0
DA:224,0
DA:225,0
DA:226,0
DA:227,0
DA:228,0
DA:230,3
DA:248,32
DA:251,52
DA:252,28
DA:253,0
DA:254,0
DA:255,0
DA:256,0
DA:257,0
DA:258,0
DA:259,0
DA:260,0
DA:261,0
DA:262,0
DA:263,0
DA:264,0
DA:265,0
DA:266,0
DA:267,0
DA:268,0
DA:269,0
DA:270,0
DA:271,2
DA:274,4
DA:286,12
DA:287,20
DA:288,60
DA:289,22
DA:290,59
DA:291,18
DA:292,45
DA:293,23
DA:294,19
DA:295,11
DA:296,4
DA:299,12
DA:300,20
DA:301,42
DA:302,22
DA:303,54
DA:304,18
DA:305,40
DA:306,23
DA:307,19
DA:308,8
DA:309,5
DA:312,16
DA:313,22
DA:314,21
DA:315,26
DA:352,0
DA:353,0
DA:354,0
DA:355,0
DA:356,0
DA:357,0
DA:358,0
DA:359,1
DA:363,0
DA:364,0
DA:365,0
DA:366,0
DA:367,0
DA:368,0
DA:369,0
DA:370,0
DA:371,0
DA:372,0
DA:373,0
DA:374,0
DA:375,0
DA:376,0
DA:377,0
DA:378,0
DA:379,0
DA:380,0
DA:381,0
DA:382,0
DA:383,0
DA:384,0
DA:385,0
DA:386,0
DA:387,0
DA:388,0
DA:389,0
DA:390,0
DA:391,0
DA:392,0
DA:393,0
DA:394,0
DA:395,0
DA:396,0
DA:397,0
DA:398,0
DA:399,0
DA:400,0
DA:401,0
DA:402,0
DA:403,0
DA:404,0
DA:405,0
DA:406,0
DA:407,0
DA:408,0
DA:409,0
DA:410,0
DA:411,0
DA:412,0
DA:413,0
DA:414,0
DA:415,0
DA:416,0
DA:417,0
DA:418,0
DA:419,0
DA:420,0
DA:421,0
DA:422,0
DA:424,3
DA:448,37
DA:449,0
DA:450,1
DA:451,32
DA:452,0
LF:208
LH:64
end_of_record
TN:
SF:test/helpers/fence-home-env.ts
FNF:1
FNH:1
DA:1,33
DA:38,40
DA:50,32
DA:51,18
DA:52,15
DA:53,22
DA:54,23
DA:55,42
DA:56,28
DA:57,26
DA:58,23
DA:59,20
DA:60,4
DA:61,59
DA:69,22
DA:70,29
DA:71,37
DA:72,27
DA:73,27
DA:74,31
DA:75,52
DA:76,35
DA:77,65
DA:78,4
DA:79,45
DA:80,21
DA:81,2
DA:86,17
DA:87,35
DA:88,47
DA:89,48
DA:90,33
DA:91,44
DA:92,44
DA:93,4
DA:94,40
DA:95,21
DA:96,1
LF:38
LH:38
end_of_record
